# JRE version: OpenJDK Runtime Environment Temurin-21.0.6+7 (21.0.6+7) (build 21.0.6+7-LTS)
# Java VM: OpenJDK 64-Bit Server VM Temurin-21.0.6+7 (21.0.6+7-LTS, mixed mode, sharing, tiered, compressed oops, compressed class ptrs, parallel gc, windows-amd64)
GC Precious Log:
 CardTable entry size: 512
 CPUs: 4 total, 4 available
 Memory: 3995M
 Large Page Support: Disabled
 NUMA Support: Disabled
 Compressed Oops: Enabled (32-bit)
 Alignments: Space 512K, Generation 512K, Heap 2M
 Heap Min Capacity: 100M
 Heap Initial Capacity: 100M
 Heap Max Capacity: 1G
 Pre-touch: Disabled
 Parallel Workers: 4
Heap:
 PSYoungGen      total 9728K, used 9641K [0x00000000eab00000, 0x00000000eb780000, 0x0000000100000000)
  eden space 7680K, 99% used [0x00000000eab00000,0x00000000eb273fb0,0x00000000eb280000)
  from space 2048K, 98% used [0x00000000eb280000,0x00000000eb476488,0x00000000eb480000)
  to   space 2560K, 0% used [0x00000000eb500000,0x00000000eb500000,0x00000000eb780000)
 ParOldGen       total 96768K, used 96490K [0x00000000c0000000, 0x00000000c5e80000, 0x00000000eab00000)
  object space 96768K, 99% used [0x00000000c0000000,0x00000000c5e3ab70,0x00000000c5e80000)
 Metaspace       used 59112K, committed 60480K, reserved 1114112K
  class space    used 6104K, committed 6720K, reserved 1048576K
GC Heap History (20 events):
Event: 53.421 GC heap before
{Heap before GC invocations=57 (full 3):
 PSYoungGen      total 12288K, used 12050K [0x00000000eab00000, 0x00000000eba80000, 0x0000000100000000)
  eden space 9728K, 100% used [0x00000000eab00000,0x00000000eb480000,0x00000000eb480000)
  from space 2560K, 90% used [0x00000000eb500000,0x00000000eb744898,0x00000000eb780000)
  to   space 3072K, 0% used [0x00000000eb780000,0x00000000eb780000,0x00000000eba80000)
 ParOldGen       total 77312K, used 76900K [0x00000000c0000000, 0x00000000c4b80000, 0x00000000eab00000)
  object space 77312K, 99% used [0x00000000c0000000,0x00000000c4b19158,0x00000000c4b80000)
 Metaspace       used 59110K, committed 60480K, reserved 1114112K
  class space    used 6104K, committed 6720K, reserved 1048576K
}
Event: 53.471 GC heap after
{Heap after GC invocations=57 (full 3):
 PSYoungGen      total 12288K, used 2466K [0x00000000eab00000, 0x00000000eba00000, 0x0000000100000000)
  eden space 9728K, 0% used [0x00000000eab00000,0x00000000eab00000,0x00000000eb480000)
  from space 2560K, 96% used [0x00000000eb780000,0x00000000eb9e8870,0x00000000eba00000)
  to   space 2560K, 0% used [0x00000000eb500000,0x00000000eb500000,0x00000000eb780000)
 ParOldGen       total 79360K, used 78963K [0x00000000c0000000, 0x00000000c4d80000, 0x00000000eab00000)
  object space 79360K, 99% used [0x00000000c0000000,0x00000000c4d1cf00,0x00000000c4d80000)
 Metaspace       used 59110K, committed 60480K, reserved 1114112K
  class space    used 6104K, committed 6720K, reserved 1048576K
}
Event: 54.153 GC heap before
{Heap before GC invocations=58 (full 3):
 PSYoungGen      total 12288K, used 12194K [0x00000000eab00000, 0x00000000eba00000, 0x0000000100000000)
  eden space 9728K, 100% used [0x00000000eab00000,0x00000000eb480000,0x00000000eb480000)
  from space 2560K, 96% used [0x00000000eb780000,0x00000000eb9e8870,0x00000000eba00000)
  to   space 2560K, 0% used [0x00000000eb500000,0x00000000eb500000,0x00000000eb780000)
 ParOldGen       total 79360K, used 78963K [0x00000000c0000000, 0x00000000c4d80000, 0x00000000eab00000)
  object space 79360K, 99% used [0x00000000c0000000,0x00000000c4d1cf00,0x00000000c4d80000)
 Metaspace       used 59110K, committed 60480K, reserved 1114112K
  class space    used 6104K, committed 6720K, reserved 1048576K
}
Event: 54.157 GC heap after
{Heap after GC invocations=58 (full 3):
 PSYoungGen      total 12288K, used 2376K [0x00000000eab00000, 0x00000000eb980000, 0x0000000100000000)
  eden space 9728K, 0% used [0x00000000eab00000,0x00000000eab00000,0x00000000eb480000)
  from space 2560K, 92% used [0x00000000eb500000,0x00000000eb7520f8,0x00000000eb780000)
  to   space 2048K, 0% used [0x00000000eb780000,0x00000000eb780000,0x00000000eb980000)
 ParOldGen       total 81408K, used 81288K [0x00000000c0000000, 0x00000000c4f80000, 0x00000000eab00000)
  object space 81408K, 99% used [0x00000000c0000000,0x00000000c4f622e8,0x00000000c4f80000)
 Metaspace       used 59110K, committed 60480K, reserved 1114112K
  class space    used 6104K, committed 6720K, reserved 1048576K
}
Event: 54.356 GC heap before
{Heap before GC invocations=59 (full 3):
 PSYoungGen      total 12288K, used 12104K [0x00000000eab00000, 0x00000000eb980000, 0x0000000100000000)
  eden space 9728K, 100% used [0x00000000eab00000,0x00000000eb480000,0x00000000eb480000)
  from space 2560K, 92% used [0x00000000eb500000,0x00000000eb7520f8,0x00000000eb780000)
  to   space 2048K, 0% used [0x00000000eb780000,0x00000000eb780000,0x00000000eb980000)
 ParOldGen       total 81408K, used 81288K [0x00000000c0000000, 0x00000000c4f80000, 0x00000000eab00000)
  object space 81408K, 99% used [0x00000000c0000000,0x00000000c4f622e8,0x00000000c4f80000)
 Metaspace       used 59112K, committed 60480K, reserved 1114112K
  class space    used 6104K, committed 6720K, reserved 1048576K
}
Event: 54.361 GC heap after
{Heap after GC invocations=59 (full 3):
 PSYoungGen      total 9728K, used 2046K [0x00000000eab00000, 0x00000000ebe80000, 0x0000000100000000)
  eden space 7680K, 0% used [0x00000000eab00000,0x00000000eab00000,0x00000000eb280000)
  from space 2048K, 99% used [0x00000000eb780000,0x00000000eb97f850,0x00000000eb980000)
  to   space 5120K, 0% used [0x00000000eb280000,0x00000000eb280000,0x00000000eb780000)
 ParOldGen       total 83968K, used 83779K [0x00000000c0000000, 0x00000000c5200000, 0x00000000eab00000)
  object space 83968K, 99% used [0x00000000c0000000,0x00000000c51d0f98,0x00000000c5200000)
 Metaspace       used 59112K, committed 60480K, reserved 1114112K
  class space    used 6104K, committed 6720K, reserved 1048576K
}
Event: 54.558 GC heap before
{Heap before GC invocations=60 (full 3):
 PSYoungGen      total 9728K, used 9713K [0x00000000eab00000, 0x00000000ebe80000, 0x0000000100000000)
  eden space 7680K, 99% used [0x00000000eab00000,0x00000000eb27cc98,0x00000000eb280000)
  from space 2048K, 99% used [0x00000000eb780000,0x00000000eb97f850,0x00000000eb980000)
  to   space 5120K, 0% used [0x00000000eb280000,0x00000000eb280000,0x00000000eb780000)
 ParOldGen       total 83968K, used 83779K [0x00000000c0000000, 0x00000000c5200000, 0x00000000eab00000)
  object space 83968K, 99% used [0x00000000c0000000,0x00000000c51d0f98,0x00000000c5200000)
 Metaspace       used 59112K, committed 60480K, reserved 1114112K
  class space    used 6104K, committed 6720K, reserved 1048576K
}
Event: 54.570 GC heap after
{Heap after GC invocations=60 (full 3):
 PSYoungGen      total 10240K, used 2066K [0x00000000eab00000, 0x00000000eb880000, 0x0000000100000000)
  eden space 7680K, 0% used [0x00000000eab00000,0x00000000eab00000,0x00000000eb280000)
  from space 2560K, 80% used [0x00000000eb280000,0x00000000eb4849c8,0x00000000eb500000)
  to   space 3072K, 0% used [0x00000000eb580000,0x00000000eb580000,0x00000000eb880000)
 ParOldGen       total 86016K, used 85769K [0x00000000c0000000, 0x00000000c5400000, 0x00000000eab00000)
  object space 86016K, 99% used [0x00000000c0000000,0x00000000c53c2628,0x00000000c5400000)
 Metaspace       used 59112K, committed 60480K, reserved 1114112K
  class space    used 6104K, committed 6720K, reserved 1048576K
}
Event: 54.836 GC heap before
{Heap before GC invocations=61 (full 3):
 PSYoungGen      total 10240K, used 9746K [0x00000000eab00000, 0x00000000eb880000, 0x0000000100000000)
  eden space 7680K, 100% used [0x00000000eab00000,0x00000000eb280000,0x00000000eb280000)
  from space 2560K, 80% used [0x00000000eb280000,0x00000000eb4849c8,0x00000000eb500000)
  to   space 3072K, 0% used [0x00000000eb580000,0x00000000eb580000,0x00000000eb880000)
 ParOldGen       total 86016K, used 85769K [0x00000000c0000000, 0x00000000c5400000, 0x00000000eab00000)
  object space 86016K, 99% used [0x00000000c0000000,0x00000000c53c2628,0x00000000c5400000)
 Metaspace       used 59112K, committed 60480K, reserved 1114112K
  class space    used 6104K, committed 6720K, reserved 1048576K
}
Event: 54.842 GC heap after
{Heap after GC invocations=61 (full 3):
 PSYoungGen      total 9728K, used 1987K [0x00000000eab00000, 0x00000000eb780000, 0x0000000100000000)
  eden space 7680K, 0% used [0x00000000eab00000,0x00000000eab00000,0x00000000eb280000)
  from space 2048K, 97% used [0x00000000eb580000,0x00000000eb770da8,0x00000000eb780000)
  to   space 2560K, 0% used [0x00000000eb280000,0x00000000eb280000,0x00000000eb500000)
 ParOldGen       total 88064K, used 87740K [0x00000000c0000000, 0x00000000c5600000, 0x00000000eab00000)
  object space 88064K, 99% used [0x00000000c0000000,0x00000000c55af370,0x00000000c5600000)
 Metaspace       used 59112K, committed 60480K, reserved 1114112K
  class space    used 6104K, committed 6720K, reserved 1048576K
}
Event: 55.074 GC heap before
{Heap before GC invocations=62 (full 3):
 PSYoungGen      total 9728K, used 9667K [0x00000000eab00000, 0x00000000eb780000, 0x0000000100000000)
  eden space 7680K, 100% used [0x00000000eab00000,0x00000000eb280000,0x00000000eb280000)
  from space 2048K, 97% used [0x00000000eb580000,0x00000000eb770da8,0x00000000eb780000)
  to   space 2560K, 0% used [0x00000000eb280000,0x00000000eb280000,0x00000000eb500000)
 ParOldGen       total 88064K, used 87740K [0x00000000c0000000, 0x00000000c5600000, 0x00000000eab00000)
  object space 88064K, 99% used [0x00000000c0000000,0x00000000c55af370,0x00000000c5600000)
 Metaspace       used 59112K, committed 60480K, reserved 1114112K
  class space    used 6104K, committed 6720K, reserved 1048576K
}
Event: 55.082 GC heap after
{Heap after GC invocations=62 (full 3):
 PSYoungGen      total 9728K, used 1828K [0x00000000eab00000, 0x00000000eb680000, 0x0000000100000000)
  eden space 7680K, 0% used [0x00000000eab00000,0x00000000eab00000,0x00000000eb280000)
  from space 2048K, 89% used [0x00000000eb280000,0x00000000eb449068,0x00000000eb480000)
  to   space 2048K, 0% used [0x00000000eb480000,0x00000000eb480000,0x00000000eb680000)
 ParOldGen       total 90112K, used 89666K [0x00000000c0000000, 0x00000000c5800000, 0x00000000eab00000)
  object space 90112K, 99% used [0x00000000c0000000,0x00000000c5790b90,0x00000000c5800000)
 Metaspace       used 59112K, committed 60480K, reserved 1114112K
  class space    used 6104K, committed 6720K, reserved 1048576K
}
Event: 55.246 GC heap before
{Heap before GC invocations=63 (full 3):
 PSYoungGen      total 9728K, used 9508K [0x00000000eab00000, 0x00000000eb680000, 0x0000000100000000)
  eden space 7680K, 100% used [0x00000000eab00000,0x00000000eb280000,0x00000000eb280000)
  from space 2048K, 89% used [0x00000000eb280000,0x00000000eb449068,0x00000000eb480000)
  to   space 2048K, 0% used [0x00000000eb480000,0x00000000eb480000,0x00000000eb680000)
 ParOldGen       total 90112K, used 89666K [0x00000000c0000000, 0x00000000c5800000, 0x00000000eab00000)
  object space 90112K, 99% used [0x00000000c0000000,0x00000000c5790b90,0x00000000c5800000)
 Metaspace       used 59112K, committed 60480K, reserved 1114112K
  class space    used 6104K, committed 6720K, reserved 1048576K
}
Event: 55.250 GC heap after
{Heap after GC invocations=63 (full 3):
 PSYoungGen      total 9728K, used 1835K [0x00000000eab00000, 0x00000000eb680000, 0x0000000100000000)
  eden space 7680K, 0% used [0x00000000eab00000,0x00000000eab00000,0x00000000eb280000)
  from space 2048K, 89% used [0x00000000eb480000,0x00000000eb64ac40,0x00000000eb680000)
  to   space 2048K, 0% used [0x00000000eb280000,0x00000000eb280000,0x00000000eb480000)
 ParOldGen       total 91648K, used 91411K [0x00000000c0000000, 0x00000000c5980000, 0x00000000eab00000)
  object space 91648K, 99% used [0x00000000c0000000,0x00000000c5944f58,0x00000000c5980000)
 Metaspace       used 59112K, committed 60480K, reserved 1114112K
  class space    used 6104K, committed 6720K, reserved 1048576K
}
Event: 55.742 GC heap before
{Heap before GC invocations=64 (full 3):
 PSYoungGen      total 9728K, used 9515K [0x00000000eab00000, 0x00000000eb680000, 0x0000000100000000)
  eden space 7680K, 100% used [0x00000000eab00000,0x00000000eb280000,0x00000000eb280000)
  from space 2048K, 89% used [0x00000000eb480000,0x00000000eb64ac40,0x00000000eb680000)
  to   space 2048K, 0% used [0x00000000eb280000,0x00000000eb280000,0x00000000eb480000)
 ParOldGen       total 91648K, used 91411K [0x00000000c0000000, 0x00000000c5980000, 0x00000000eab00000)
  object space 91648K, 99% used [0x00000000c0000000,0x00000000c5944f58,0x00000000c5980000)
 Metaspace       used 59112K, committed 60480K, reserved 1114112K
  class space    used 6104K, committed 6720K, reserved 1048576K
}
Event: 55.749 GC heap after
{Heap after GC invocations=64 (full 3):
 PSYoungGen      total 9728K, used 1726K [0x00000000eab00000, 0x00000000eb680000, 0x0000000100000000)
  eden space 7680K, 0% used [0x00000000eab00000,0x00000000eab00000,0x00000000eb280000)
  from space 2048K, 84% used [0x00000000eb280000,0x00000000eb42fa60,0x00000000eb480000)
  to   space 2048K, 0% used [0x00000000eb480000,0x00000000eb480000,0x00000000eb680000)
 ParOldGen       total 93184K, used 93133K [0x00000000c0000000, 0x00000000c5b00000, 0x00000000eab00000)
  object space 93184K, 99% used [0x00000000c0000000,0x00000000c5af3478,0x00000000c5b00000)
 Metaspace       used 59112K, committed 60480K, reserved 1114112K
  class space    used 6104K, committed 6720K, reserved 1048576K
}
Event: 56.848 GC heap before
{Heap before GC invocations=65 (full 3):
 PSYoungGen      total 9728K, used 9406K [0x00000000eab00000, 0x00000000eb680000, 0x0000000100000000)
  eden space 7680K, 100% used [0x00000000eab00000,0x00000000eb280000,0x00000000eb280000)
  from space 2048K, 84% used [0x00000000eb280000,0x00000000eb42fa60,0x00000000eb480000)
  to   space 2048K, 0% used [0x00000000eb480000,0x00000000eb480000,0x00000000eb680000)
 ParOldGen       total 93184K, used 93133K [0x00000000c0000000, 0x00000000c5b00000, 0x00000000eab00000)
  object space 93184K, 99% used [0x00000000c0000000,0x00000000c5af3478,0x00000000c5b00000)
 Metaspace       used 59112K, committed 60480K, reserved 1114112K
  class space    used 6104K, committed 6720K, reserved 1048576K
}
Event: 56.860 GC heap after
{Heap after GC invocations=65 (full 3):
 PSYoungGen      total 9728K, used 1794K [0x00000000eab00000, 0x00000000eb680000, 0x0000000100000000)
  eden space 7680K, 0% used [0x00000000eab00000,0x00000000eab00000,0x00000000eb280000)
  from space 2048K, 87% used [0x00000000eb480000,0x00000000eb6408d0,0x00000000eb680000)
  to   space 2048K, 0% used [0x00000000eb280000,0x00000000eb280000,0x00000000eb480000)
 ParOldGen       total 95232K, used 94807K [0x00000000c0000000, 0x00000000c5d00000, 0x00000000eab00000)
  object space 95232K, 99% used [0x00000000c0000000,0x00000000c5c95fb8,0x00000000c5d00000)
 Metaspace       used 59112K, committed 60480K, reserved 1114112K
  class space    used 6104K, committed 6720K, reserved 1048576K
}
Event: 57.221 GC heap before
{Heap before GC invocations=66 (full 3):
 PSYoungGen      total 9728K, used 9474K [0x00000000eab00000, 0x00000000eb680000, 0x0000000100000000)
  eden space 7680K, 100% used [0x00000000eab00000,0x00000000eb280000,0x00000000eb280000)
  from space 2048K, 87% used [0x00000000eb480000,0x00000000eb6408d0,0x00000000eb680000)
  to   space 2048K, 0% used [0x00000000eb280000,0x00000000eb280000,0x00000000eb480000)
 ParOldGen       total 95232K, used 94807K [0x00000000c0000000, 0x00000000c5d00000, 0x00000000eab00000)
  object space 95232K, 99% used [0x00000000c0000000,0x00000000c5c95fb8,0x00000000c5d00000)
 Metaspace       used 59112K, committed 60480K, reserved 1114112K
  class space    used 6104K, committed 6720K, reserved 1048576K
}
Event: 57.226 GC heap after
{Heap after GC invocations=66 (full 3):
 PSYoungGen      total 9728K, used 2009K [0x00000000eab00000, 0x00000000eb780000, 0x0000000100000000)
  eden space 7680K, 0% used [0x00000000eab00000,0x00000000eab00000,0x00000000eb280000)
  from space 2048K, 98% used [0x00000000eb280000,0x00000000eb476488,0x00000000eb480000)
  to   space 2560K, 0% used [0x00000000eb500000,0x00000000eb500000,0x00000000eb780000)
 ParOldGen       total 96768K, used 96490K [0x00000000c0000000, 0x00000000c5e80000, 0x00000000eab00000)
  object space 96768K, 99% used [0x00000000c0000000,0x00000000c5e3ab70,0x00000000c5e80000)
 Metaspace       used 59112K, committed 60480K, reserved 1114112K
  class space    used 6104K, committed 6720K, reserved 1048576K
}

